lincentrator log file, created by lincentrator at 26.06.2021 18:33:38
$infile=/home/joker/Документы/GitHub/Win98SE/Icons/SE98/devices/32/drive-harddisk.png
Относительный путь: drive-harddisk.png
Можно сделать так: '/home/joker/Документы/scripts/lincentrator.sh' 'drive-harddisk.png'
Команда была тут: '/home/joker/Документы/scripts/lincentrator.sh' '/home/joker/Документы/GitHub/Win98SE/Icons/SE98/devices/32/drive-harddisk.png'
Создали софтлинки на '/home/joker/Документы/GitHub/Win98SE/Icons/SE98/devices/32/drive-harddisk.png'
./block-device.png
./drive-harddisk-scsi.png
./drive-harddisk-symbolic.png
./drive-harddisk-system.png
./gnome-dev-harddisk-1394.png
./gnome-dev-harddisk.png
./gtk-harddisk.png
./harddrive.png
./hdd_unmount.png
./yast_HD.png
./yast_idetude.png
Время выполнения: 132 мс
---------------------------------------------------------
26.06.2021 18:34:25 Added by lincentrator
$0=/home/joker/Документы/scripts/lincentrator.sh
$s=lincentrator
$infile=/home/joker/Документы/GitHub/Win98SE/Icons/SE98/devices/32/drive-optical.png
Относительный путь: drive-optical.png
Можно сделать так: '/home/joker/Документы/scripts/lincentrator.sh' 'drive-optical.png'
Команда была тут: '/home/joker/Документы/scripts/lincentrator.sh' '/home/joker/Документы/GitHub/Win98SE/Icons/SE98/devices/32/drive-optical.png'
Создали софтлинки на '/home/joker/Документы/GitHub/Win98SE/Icons/SE98/devices/32/drive-optical.png'
./cdrom_unmount.png
./cdwriter_unmount.png
./drive-cdrom.png
./drive-optical-symbolic.png
./dvd_unmount.png
./gnome-cd.png
./gnome-dev-cdrom-audio.png
./gnome-dev-disc-cdrom.png
./gnome-dev-disc-cdr.png
./gnome-dev-disc-cdrw.png
./gnome-dev-disc-dvdram.png
./gnome-dev-disc-dvdrom.png
./gnome-dev-disc-dvdr-plus.png
./gnome-dev-disc-dvdr.png
./gnome-dev-disc-dvdrw.png
./gnome-dev-dvd-alt.png
./gnome-dev-dvd.png
./gtk-cdrom.png
./media-cdrom.png
./media-cdr.png
./media-cdrw.png
./media-dvd.png
./media-dvdrw.png
./media-optical-bd.png
./media-optical-cd.png
./media-optical-cd-r.png
./media-optical-cdr.png
./media-optical-cd-rw.png
./media-optical-dvd.png
./media-optical-dvd-ram.png
./media-optical-dvd-rom.png
./media-optical-dvd-r-plus.png
./media-optical-dvd-r.png
./media-optical-dvd-rw.png
./media-optical-hddvd.png
./media-optical.png
./media-optical-symbolic.png
Время выполнения: 242 мс
---------------------------------------------------------
26.06.2021 18:34:44 Added by lincentrator
$0=/home/joker/Документы/scripts/lincentrator.sh
$s=lincentrator
$infile=/home/joker/Документы/GitHub/Win98SE/Icons/SE98/devices/32/computer.png
Относительный путь: computer.png
Можно сделать так: '/home/joker/Документы/scripts/lincentrator.sh' 'computer.png'
Команда была тут: '/home/joker/Документы/scripts/lincentrator.sh' '/home/joker/Документы/GitHub/Win98SE/Icons/SE98/devices/32/computer.png'
Создали софтлинки на '/home/joker/Документы/GitHub/Win98SE/Icons/SE98/devices/32/computer.png'
./computer-symbolic.png
./gnome-computer.png
./gnome-dev-computer.png
./gnome-dev-computer-symbolic.png
./gnome-fs-client.png
./system.png
Время выполнения: 97 мс
---------------------------------------------------------
26.06.2021 18:35:01 Added by lincentrator
$0=/home/joker/Документы/scripts/lincentrator.sh
$s=lincentrator
$infile=/home/joker/Документы/GitHub/Win98SE/Icons/SE98/devices/32/drive-removable-media.png
Относительный путь: drive-removable-media.png
Можно сделать так: '/home/joker/Документы/scripts/lincentrator.sh' 'drive-removable-media.png'
Команда была тут: '/home/joker/Документы/scripts/lincentrator.sh' '/home/joker/Документы/GitHub/Win98SE/Icons/SE98/devices/32/drive-removable-media.png'
Создали софтлинки на '/home/joker/Документы/GitHub/Win98SE/Icons/SE98/devices/32/drive-removable-media.png'
./drive-removable-media-symbolic.png
./gnome-dev-removable-1394.png
./gnome-dev-removable.png
./gnome-dev-removable-usb.png
./media-removable.png
./media-removable-symbolic.png
./usbpendrive_unmount.png
./xfce-mount.png
Время выполнения: 118 мс
---------------------------------------------------------
26.06.2021 18:35:18 Added by lincentrator
$0=/home/joker/Документы/scripts/lincentrator.sh
$s=lincentrator
$infile=/home/joker/Документы/GitHub/Win98SE/Icons/SE98/devices/32/video-display.png
Относительный путь: video-display.png
Можно сделать так: '/home/joker/Документы/scripts/lincentrator.sh' 'video-display.png'
Команда была тут: '/home/joker/Документы/scripts/lincentrator.sh' '/home/joker/Документы/GitHub/Win98SE/Icons/SE98/devices/32/video-display.png'
Создали софтлинки на '/home/joker/Документы/GitHub/Win98SE/Icons/SE98/devices/32/video-display.png'
./chardevice.png
./display.png
./display-projector-symbolic.png
./monitor.png
./video-display-symbolic.png
./xfce4-display.png
Время выполнения: 99 мс
---------------------------------------------------------
26.06.2021 18:35:44 Added by lincentrator
$0=/home/joker/Документы/scripts/lincentrator.sh
$s=lincentrator
$infile=/home/joker/Документы/GitHub/Win98SE/Icons/SE98/devices/32/printer.png
Относительный путь: printer.png
Можно сделать так: '/home/joker/Документы/scripts/lincentrator.sh' 'printer.png'
Команда была тут: '/home/joker/Документы/scripts/lincentrator.sh' '/home/joker/Документы/GitHub/Win98SE/Icons/SE98/devices/32/printer.png'
Создали софтлинки на '/home/joker/Документы/GitHub/Win98SE/Icons/SE98/devices/32/printer.png'
./cups.png
./cupsprinter.png
./foomatic-gui-logo.png
./gnome-dev-printer-new.png
./gnome-dev-printer.png
./gnome-dev-printer-symbolic.png
./gtk-print.png
./kjobviewer.png
./printer1.png
./printer1-symbolic.png
./printer-symbolic.png
./printmgr.png
./stock_printers.png
./stock_printers-symbolic.png
./system-config-printer.png
./xfce-printer.png
./xfce-printer-symbolic.png
./yast_printer.png
./yast_printer-symbolic.png
Время выполнения: 149 мс
---------------------------------------------------------
26.06.2021 18:38:32 Added by lincentrator
$0=/home/joker/Документы/scripts/lincentrator.sh
$s=lincentrator
$infile=/home/joker/Документы/GitHub/Win98SE/Icons/SE98/devices/32/processor.png
Относительный путь: processor.png
Можно сделать так: '/home/joker/Документы/scripts/lincentrator.sh' 'processor.png'
Команда была тут: '/home/joker/Документы/scripts/lincentrator.sh' '/home/joker/Документы/GitHub/Win98SE/Icons/SE98/devices/32/processor.png'
Создали софтлинки на '/home/joker/Документы/GitHub/Win98SE/Icons/SE98/devices/32/processor.png'
Время выполнения: 76 мс
---------------------------------------------------------
26.06.2021 18:38:36 Added by lincentrator
$0=/home/joker/Документы/scripts/lincentrator.sh
$s=lincentrator
$infile=/home/joker/Документы/GitHub/Win98SE/Icons/SE98/devices/32/scanner.png
Относительный путь: scanner.png
Можно сделать так: '/home/joker/Документы/scripts/lincentrator.sh' 'scanner.png'
Команда была тут: '/home/joker/Документы/scripts/lincentrator.sh' '/home/joker/Документы/GitHub/Win98SE/Icons/SE98/devices/32/scanner.png'
Создали софтлинки на '/home/joker/Документы/GitHub/Win98SE/Icons/SE98/devices/32/scanner.png'
./scanner-symbolic.png
Время выполнения: 81 мс
---------------------------------------------------------
26.06.2021 18:40:33 Added by lincentrator
$0=/home/joker/Документы/scripts/lincentrator.sh
$s=lincentrator
$infile=/home/joker/Документы/GitHub/Win98SE/Icons/SE98/devices/32/input-mouse.png
Относительный путь: input-mouse.png
Можно сделать так: '/home/joker/Документы/scripts/lincentrator.sh' 'input-mouse.png'
Команда была тут: '/home/joker/Документы/scripts/lincentrator.sh' '/home/joker/Документы/GitHub/Win98SE/Icons/SE98/devices/32/input-mouse.png'
Создали софтлинки на '/home/joker/Документы/GitHub/Win98SE/Icons/SE98/devices/32/input-mouse.png'
./gnome-dev-mouse-ball.png
./gnome-dev-mouse-optical.png
./gnome-mouse.png
./gnome-mouse-properties.png
./gnome-settings-mouse.png
./input-mouse-symbolic.png
./input-touchpad-symbolic.png
./mouse.png
./xfce4-mouse.png
./yast_mouse.png
Время выполнения: 95 мс
---------------------------------------------------------
26.06.2021 18:40:42 Added by lincentrator
$0=/home/joker/Документы/scripts/lincentrator.sh
$s=lincentrator
$infile=/home/joker/Документы/GitHub/Win98SE/Icons/SE98/devices/32/input-keyboard.png
Относительный путь: input-keyboard.png
Можно сделать так: '/home/joker/Документы/scripts/lincentrator.sh' 'input-keyboard.png'
Команда была тут: '/home/joker/Документы/scripts/lincentrator.sh' '/home/joker/Документы/GitHub/Win98SE/Icons/SE98/devices/32/input-keyboard.png'
Создали софтлинки на '/home/joker/Документы/GitHub/Win98SE/Icons/SE98/devices/32/input-keyboard.png'
./gnome-dev-keyboard.png
./input-keyboard-symbolic.png
./keyboard.png
./kxkb.png
./xfce4-keyboard.png
./xfce4-keyboard.svg.png
Время выполнения: 103 мс
---------------------------------------------------------
26.06.2021 18:41:06 Added by lincentrator
$0=/home/joker/Документы/scripts/lincentrator.sh
$s=lincentrator
$infile=/home/joker/Документы/GitHub/Win98SE/Icons/SE98/devices/32/input-gaming.png
Относительный путь: input-gaming.png
Можно сделать так: '/home/joker/Документы/scripts/lincentrator.sh' 'input-gaming.png'
Команда была тут: '/home/joker/Документы/scripts/lincentrator.sh' '/home/joker/Документы/GitHub/Win98SE/Icons/SE98/devices/32/input-gaming.png'
Создали софтлинки на '/home/joker/Документы/GitHub/Win98SE/Icons/SE98/devices/32/input-gaming.png'
./input-gaming-symbolic.png
./joystick.png
./yast_joystick.png
Время выполнения: 79 мс
