lincentrator log file, created by lincentrator at 26.06.2021 18:29:05
$infile=/home/joker/Документы/GitHub/Win98SE/Icons/SE98/devices/22/drive-optical.png
Относительный путь: drive-optical.png
Можно сделать так: '/home/joker/Документы/scripts/lincentrator.sh' 'drive-optical.png'
Команда была тут: '/home/joker/Документы/scripts/lincentrator.sh' '/home/joker/Документы/GitHub/Win98SE/Icons/SE98/devices/22/drive-optical.png'
Создали софтлинки на '/home/joker/Документы/GitHub/Win98SE/Icons/SE98/devices/22/drive-optical.png'
./cdrom_unmount.png
./cdwriter_unmount.png
./drive-cdrom.png
./drive-optical-recorder.png
./dvd_unmount.png
./gnome-cd.png
./gnome-dev-cdrom-audio.png
./gnome-dev-cdrom.png
./gnome-dev-disc-cdrom.png
./gnome-dev-disc-cdr.png
./gnome-dev-disc-cdrw.png
./gnome-dev-disc-dvdram.png
./gnome-dev-disc-dvdrom.png
./gnome-dev-disc-dvdr-plus.png
./gnome-dev-disc-dvdr.png
./gnome-dev-disc-dvdrw.png
./gnome-dev-dvd.png
./gtk-cdrom.png
./media-cdrom.png
./media-optical-bd.png
./media-optical-cd.png
./media-optical-dvd.png
./media-optical-hddvd.png
./media-optical.png
Время выполнения: 234 мс
