lincentrator log file, created by lincentrator at 15.06.2021 00:01:27
$infile=folder-open.png
Относительный путь: folder-open.png
Можно сделать так: '/home/joker/.config/caja/scripts/lincentrator.sh' 'folder-open.png'
Команда была тут: '/home/joker/.config/caja/scripts/lincentrator.sh' 'folder-open.png'
Создали софтлинки на '/home/joker/Документы/icons/SE98/places/16/folder-open.png'
./folder-drag-accept.png
./folder-music-open.png
./folder_open.png
./folder-visiting.png
./gnome-fs-directory-accept.png
./gnome-fs-directory-visiting.png
./stock_open.png
Время выполнения: 243 мс
---------------------------------------------------------
15.06.2021 00:04:35 Added by lincentrator
Пути выбранных файлов в Caja:
/home/joker/Документы/icons/SE98/places/16/start-here.png

Геометрия окна:
1920x1032+0+0
$0=/home/joker/.config/caja/scripts/lincentrator.sh
$s=lincentrator
$infile=start-here.png
Относительный путь: start-here.png
Можно сделать так: '/home/joker/.config/caja/scripts/lincentrator.sh' 'start-here.png'
Команда была тут: '/home/joker/.config/caja/scripts/lincentrator.sh' 'start-here.png'
Создали софтлинки на '/home/joker/Документы/icons/SE98/places/16/start-here.png'
./distributor-logo.png
./distributor-logo-xfce.png
./distributor-logo-xubuntu.png
./gnome-main-menu.png
./novell-button.png
./start-here-symbolic.png
Время выполнения: 55 мс
---------------------------------------------------------
15.06.2021 00:07:50 Added by lincentrator
Пути выбранных файлов в Caja:
/home/joker/Документы/icons/SE98/places/16/folder-remote.png

Геометрия окна:
1920x1032+0+0
$0=/home/joker/.config/caja/scripts/lincentrator.sh
$s=lincentrator
$infile=folder-remote.png
Относительный путь: folder-remote.png
Можно сделать так: '/home/joker/.config/caja/scripts/lincentrator.sh' 'folder-remote.png'
Команда была тут: '/home/joker/.config/caja/scripts/lincentrator.sh' 'folder-remote.png'
Для натурализации софтлинка '/home/joker/Документы/icons/SE98/places/16/folder-remote.png' взяли оригинал '/home/joker/Документы/icons/SE98/places/16/user-share.png'
Теперь '/home/joker/Документы/icons/SE98/places/16/folder-remote.png' - оригинал!
Создали софтлинки на '/home/joker/Документы/icons/SE98/places/16/folder-remote.png'
./folder-remote-ftp.png
./folder-remote-nfs.png
./folder-remote-smb.png
./folder-remote-ssh.png
./folder-remote-symbolic.png
./gnome-fs-blockdev.png
./gnome-fs-ftp.png
./gnome-fs-network.png
./gnome-fs-nfs.png
./gnome-fs-share.png
./gnome-fs-smb.png
./gnome-fs-ssh.png
./gnome-mime-x-directory-smb-share.png
./gnome-mime-x-directory-smb-workgroup.png
./gtk-network.png
./network_fs.png
./network_local.png
./network.png
./org.xfce.gigolo.png
./stock_shared-by-me.png
./stock_shared-to-me.png
./user-share.png
Время выполнения: 101 мс
---------------------------------------------------------
20.08.2021 23:58:51 Added by lincentrator
$0=/home/joker/Документы/scripts/lincentrator.sh
$s=lincentrator
$infile=/home/joker/Документы/icons/SE98/places/16/network-workgroup.png
Относительный путь: ../../../../../../icons/SE98/places/16/network-workgroup.png
Можно сделать так: '/home/joker/Документы/scripts/lincentrator.sh' '../../../../../../icons/SE98/places/16/network-workgroup.png'
Команда была тут: '/home/joker/Документы/scripts/lincentrator.sh' '/home/joker/Документы/icons/SE98/places/16/network-workgroup.png'
Создали софтлинки на '/home/joker/Документы/icons/SE98/places/16/network-workgroup.png'
./neat.png
./network-workgroup.png
./network-workgroup-symbolic.png
./redhat-system-group.png
Время выполнения: 218 мс
